06:50:06 |     INFO | W&B tracking initialized
2025-07-24 06:50:06,300 - training.training_metrics - INFO - W&B tracking initialized
06:50:06 |     INFO | TensorBoard logging to: outputs/tensorboard
2025-07-24 06:50:06,301 - training.training_metrics - INFO - TensorBoard logging to: outputs/tensorboard
06:50:06 |     INFO | Using basic experiment tracker
2025-07-24 06:50:06,301 - training.base_trainer - INFO - Using basic experiment tracker
06:50:06 |     INFO | Configuration saved to outputs/config.json
2025-07-24 06:50:06,302 - training.training_utils - INFO - Configuration saved to outputs/config.json
06:50:06 |     INFO | Initialized CompleteEnhancedTrainer with config: cpc_snn_gw
2025-07-24 06:50:06,303 - training.base_trainer - INFO - Initialized CompleteEnhancedTrainer with config: cpc_snn_gw
06:50:06 |    ERROR | ‚ùå Training integration error: MomentumHardNegativeMiner.__init__() got an unexpected keyword argument 'hard_negative_ratio'
2025-07-24 06:50:06,304 - __main__ - ERROR - ‚ùå Training integration error: MomentumHardNegativeMiner.__init__() got an unexpected keyword argument 'hard_negative_ratio'
06:50:06 |     INFO |
‚ö° Test 5/5: Performance Benchmarks
2025-07-24 06:50:06,304 - __main__ - INFO -
‚ö° Test 5/5: Performance Benchmarks
06:50:06 |     INFO | üîç Testing performance benchmarks...
2025-07-24 06:50:06,305 - __main__ - INFO - üîç Testing performance benchmarks...
06:50:06 |     INFO | JAX devices: [CudaDevice(id=0)]
2025-07-24 06:50:06,306 - training.training_utils - INFO - JAX devices: [CudaDevice(id=0)]
2025-07-24 06:50:06,306 - training.training_utils - INFO - JAX devices: [CudaDevice(id=0)]
06:50:06 |     INFO | JAX platform: gpu
2025-07-24 06:50:06,306 - training.training_utils - INFO - JAX platform: gpu
2025-07-24 06:50:06,306 - training.training_utils - INFO - JAX platform: gpu
06:50:06 |     INFO | W&B tracking - using existing run
2025-07-24 06:50:06,307 - training.training_metrics - INFO - W&B tracking - using existing run
2025-07-24 06:50:06,307 - training.training_metrics - INFO - W&B tracking - using existing run
06:50:06 |     INFO | TensorBoard logging to: outputs/tensorboard
2025-07-24 06:50:06,308 - training.training_metrics - INFO - TensorBoard logging to: outputs/tensorboard
2025-07-24 06:50:06,308 - training.training_metrics - INFO - TensorBoard logging to: outputs/tensorboard
06:50:06 |     INFO | Using basic experiment tracker
2025-07-24 06:50:06,308 - training.base_trainer - INFO - Using basic experiment tracker
2025-07-24 06:50:06,308 - training.base_trainer - INFO - Using basic experiment tracker
06:50:06 |     INFO | Configuration saved to outputs/config.json
2025-07-24 06:50:06,309 - training.training_utils - INFO - Configuration saved to outputs/config.json
2025-07-24 06:50:06,309 - training.training_utils - INFO - Configuration saved to outputs/config.json
06:50:06 |     INFO | Initialized CompleteEnhancedTrainer with config: cpc_snn_gw
2025-07-24 06:50:06,311 - training.base_trainer - INFO - Initialized CompleteEnhancedTrainer with config: cpc_snn_gw
2025-07-24 06:50:06,311 - training.base_trainer - INFO - Initialized CompleteEnhancedTrainer with config: cpc_snn_gw
06:50:06 |    ERROR | ‚ùå Performance benchmark error: MomentumHardNegativeMiner.__init__() got an unexpected keyword argument 'hard_negative_ratio'
2025-07-24 06:50:06,312 - __main__ - ERROR - ‚ùå Performance benchmark error: MomentumHardNegativeMiner.__init__() got an unexpected keyword argument 'hard_negative_ratio'
2025-07-24 06:50:06,312 - __main__ - ERROR - ‚ùå Performance benchmark error: MomentumHardNegativeMiner.__init__() got an unexpected keyword argument 'hard_negative_ratio'
06:50:06 |     INFO |
================================================================================
2025-07-24 06:50:06,312 - __main__ - INFO -
================================================================================
2025-07-24 06:50:06,312 - __main__ - INFO -
================================================================================
06:50:06 |     INFO | üìä COMPREHENSIVE TEST REPORT
2025-07-24 06:50:06,313 - __main__ - INFO - üìä COMPREHENSIVE TEST REPORT
2025-07-24 06:50:06,313 - __main__ - INFO - üìä COMPREHENSIVE TEST REPORT
06:50:06 |     INFO | ================================================================================
2025-07-24 06:50:06,313 - __main__ - INFO - ================================================================================
2025-07-24 06:50:06,313 - __main__ - INFO - ================================================================================
06:50:06 |     INFO | ‚ùå SOME TESTS FAILED - INTEGRATION ISSUES DETECTED
2025-07-24 06:50:06,313 - __main__ - INFO - ‚ùå SOME TESTS FAILED - INTEGRATION ISSUES DETECTED
2025-07-24 06:50:06,313 - __main__ - INFO - ‚ùå SOME TESTS FAILED - INTEGRATION ISSUES DETECTED
06:50:06 |     INFO |
üìà Test Summary:
2025-07-24 06:50:06,314 - __main__ - INFO -
üìà Test Summary:
2025-07-24 06:50:06,314 - __main__ - INFO -
üìà Test Summary:
06:50:06 |     INFO |    Total test time: 19.75s
2025-07-24 06:50:06,314 - __main__ - INFO -    Total test time: 19.75s
2025-07-24 06:50:06,314 - __main__ - INFO -    Total test time: 19.75s
06:50:06 |     INFO |    Tests passed: 1/5
2025-07-24 06:50:06,315 - __main__ - INFO -    Tests passed: 1/5
2025-07-24 06:50:06,315 - __main__ - INFO -    Tests passed: 1/5
06:50:06 |     INFO |    Overall success: False
2025-07-24 06:50:06,315 - __main__ - INFO -    Overall success: False
2025-07-24 06:50:06,315 - __main__ - INFO -    Overall success: False
06:50:06 |     INFO |
‚ö†Ô∏è Errors encountered (4 total):
2025-07-24 06:50:06,316 - __main__ - INFO -
‚ö†Ô∏è Errors encountered (4 total):
2025-07-24 06:50:06,316 - __main__ - INFO -
‚ö†Ô∏è Errors encountered (4 total):
06:50:06 |     INFO |    - model_init: Model initialization error: SNNConfig.__init__() got an unexpected keyword argument 'use_enhanced_lif'
2025-07-24 06:50:06,316 - __main__ - INFO -    - model_init: Model initialization error: SNNConfig.__init__() got an unexpected keyword argument 'use_enhanced_lif'
2025-07-24 06:50:06,316 - __main__ - INFO -    - model_init: Model initialization error: SNNConfig.__init__() got an unexpected keyword argument 'use_enhanced_lif'
06:50:06 |     INFO |    - enhancements: Enhancement testing error: 'SurrogateGradientType' object has no attribute 'upper'
2025-07-24 06:50:06,316 - __main__ - INFO -    - enhancements: Enhancement testing error: 'SurrogateGradientType' object has no attribute 'upper'
2025-07-24 06:50:06,316 - __main__ - INFO -    - enhancements: Enhancement testing error: 'SurrogateGradientType' object has no attribute 'upper'
06:50:06 |     INFO |    - training: Training integration error: MomentumHardNegativeMiner.__init__() got an unexpected keyword argument 'hard_negative_ratio'
2025-07-24 06:50:06,317 - __main__ - INFO -    - training: Training integration error: MomentumHardNegativeMiner.__init__() got an unexpected keyword argument 'hard_negative_ratio'
2025-07-24 06:50:06,317 - __main__ - INFO -    - training: Training integration error: MomentumHardNegativeMiner.__init__() got an unexpected keyword argument 'hard_negative_ratio'
06:50:06 |     INFO |    - performance: Performance benchmark error: MomentumHardNegativeMiner.__init__() got an unexpected keyword argument 'hard_negative_ratio'
2025-07-24 06:50:06,317 - __main__ - INFO -    - performance: Performance benchmark error: MomentumHardNegativeMiner.__init__() got an unexpected keyword argument 'hard_negative_ratio'
2025-07-24 06:50:06,317 - __main__ - INFO -    - performance: Performance benchmark error: MomentumHardNegativeMiner.__init__() got an unexpected keyword argument 'hard_negative_ratio'
06:50:06 |     INFO |
================================================================================
2025-07-24 06:50:06,318 - __main__ - INFO -
================================================================================
2025-07-24 06:50:06,318 - __main__ - INFO -
================================================================================
06:50:06 |     INFO | üîß INTEGRATION ISSUES REQUIRE ATTENTION
2025-07-24 06:50:06,318 - __main__ - INFO - üîß INTEGRATION ISSUES REQUIRE ATTENTION
2025-07-24 06:50:06,318 - __main__ - INFO - üîß INTEGRATION ISSUES REQUIRE ATTENTION
06:50:06 |     INFO |    Please address errors before production deployment
2025-07-24 06:50:06,319 - __main__ - INFO -    Please address errors before production deployment
2025-07-24 06:50:06,319 - __main__ - INFO -    Please address errors before production deployment
06:50:06 |     INFO | ================================================================================
2025-07-24 06:50:06,319 - __main__ - INFO - ================================================================================
2025-07-24 06:50:06,319 - __main__ - INFO - ================================================================================
