INFO:training.training_metrics:W&B tracking initialized
2025-07-25 21:31:09,026 - training.training_metrics - INFO - W&B tracking initialized
INFO:training.training_metrics:TensorBoard logging to: outputs/tensorboard
2025-07-25 21:31:09,028 - training.training_metrics - INFO - TensorBoard logging to: outputs/tensorboard
INFO:training.base_trainer:Using basic experiment tracker
2025-07-25 21:31:09,029 - training.base_trainer - INFO - Using basic experiment tracker
INFO:training.training_utils:Configuration saved to outputs/config.json
2025-07-25 21:31:09,030 - training.training_utils - INFO - Configuration saved to outputs/config.json
INFO:training.base_trainer:Initialized CompleteEnhancedTrainer with config: cpc_snn_gw
2025-07-25 21:31:09,033 - training.base_trainer - INFO - Initialized CompleteEnhancedTrainer with config: cpc_snn_gw
INFO:training.complete_enhanced_training:🚀 Complete Enhanced Trainer initialized with ALL 5 improvements:
2025-07-25 21:31:09,035 - training.complete_enhanced_training - INFO - 🚀 Complete Enhanced Trainer initialized with ALL 5 improvements:
INFO:training.complete_enhanced_training:   1. Adaptive Surrogate: SurrogateGradientType.ADAPTIVE_MULTI_SCALE
2025-07-25 21:31:09,035 - training.complete_enhanced_training - INFO -    1. Adaptive Surrogate: SurrogateGradientType.ADAPTIVE_MULTI_SCALE
INFO:training.complete_enhanced_training:   2. Temporal Transformer: True
2025-07-25 21:31:09,036 - training.complete_enhanced_training - INFO -    2. Temporal Transformer: True
INFO:training.complete_enhanced_training:   3. Learnable Thresholds: True
2025-07-25 21:31:09,036 - training.complete_enhanced_training - INFO -    3. Learnable Thresholds: True
INFO:training.complete_enhanced_training:   4. Enhanced LIF: True
2025-07-25 21:31:09,036 - training.complete_enhanced_training - INFO -    4. Enhanced LIF: True
INFO:training.complete_enhanced_training:   5. Momentum InfoNCE: True
2025-07-25 21:31:09,037 - training.complete_enhanced_training - INFO -    5. Momentum InfoNCE: True
INFO:__main__:🚀 Starting training...
2025-07-25 21:31:09,037 - __main__ - INFO - 🚀 Starting training...
INFO:training.complete_enhanced_training:🚀 STARTING COMPLETE ENHANCED TRAINING - ALL 5 IMPROVEMENTS ACTIVE
2025-07-25 21:31:09,038 - training.complete_enhanced_training - INFO - 🚀 STARTING COMPLETE ENHANCED TRAINING - ALL 5 IMPROVEMENTS ACTIVE
INFO:training.complete_enhanced_training:================================================================================
2025-07-25 21:31:09,038 - training.complete_enhanced_training - INFO - ================================================================================
INFO:training.complete_enhanced_training:📡 Loading real LIGO GW150914 data...
2025-07-25 21:31:09,039 - training.complete_enhanced_training - INFO - 📡 Loading real LIGO GW150914 data...
INFO:data.real_ligo_integration:🌊 Attempting to download real GW150914 data...
2025-07-25 21:31:09,039 - data.real_ligo_integration - INFO - 🌊 Attempting to download real GW150914 data...
INFO:data.real_ligo_integration:✅ ReadLIGO available - loading real GW150914 data
2025-07-25 21:31:09,040 - data.real_ligo_integration - INFO - ✅ ReadLIGO available - loading real GW150914 data
INFO:data.real_ligo_integration:🌊 Loading strain data from H1: H-H1_LOSC_4_V2-1126259446-32.hdf5
2025-07-25 21:31:09,040 - data.real_ligo_integration - INFO - 🌊 Loading strain data from H1: H-H1_LOSC_4_V2-1126259446-32.hdf5
INFO:data.real_ligo_integration:🌊 Loading strain data from L1: L-L1_LOSC_4_V2-1126259446-32.hdf5
2025-07-25 21:31:09,041 - data.real_ligo_integration - INFO - 🌊 Loading strain data from L1: L-L1_LOSC_4_V2-1126259446-32.hdf5
INFO:data.real_ligo_integration:✅ Real GW150914 strain loaded:
2025-07-25 21:31:09,083 - data.real_ligo_integration - INFO - ✅ Real GW150914 strain loaded:
INFO:data.real_ligo_integration:   H1: 131072 samples
2025-07-25 21:31:09,083 - data.real_ligo_integration - INFO -    H1: 131072 samples
INFO:data.real_ligo_integration:   L1: 131072 samples
2025-07-25 21:31:09,084 - data.real_ligo_integration - INFO -    L1: 131072 samples
INFO:data.real_ligo_integration:   Time span: 1126259446.000 to 1126259478.000 GPS
2025-07-25 21:31:09,084 - data.real_ligo_integration - INFO -    Time span: 1126259446.000 to 1126259478.000 GPS
INFO:data.real_ligo_integration:   Sample rate: 4096 Hz
2025-07-25 21:31:09,084 - data.real_ligo_integration - INFO -    Sample rate: 4096 Hz
INFO:data.real_ligo_integration:✅ Successfully loaded real GW150914 strain data: 2048 samples
2025-07-25 21:31:09,090 - data.real_ligo_integration - INFO - ✅ Successfully loaded real GW150914 strain data: 2048 samples
INFO:data.real_ligo_integration:📊 Strain amplitude range: -7.60e-21 to -2.08e-21
2025-07-25 21:31:09,091 - data.real_ligo_integration - INFO - 📊 Strain amplitude range: -7.60e-21 to -2.08e-21
INFO:data.real_ligo_integration:🔧 Applied 100x normalization for realistic LIGO strain levels
2025-07-25 21:31:09,091 - data.real_ligo_integration - INFO - 🔧 Applied 100x normalization for realistic LIGO strain levels
INFO:data.real_ligo_integration:✅ GW150914 strain data obtained: 2048 samples
2025-07-25 21:31:09,092 - data.real_ligo_integration - INFO - ✅ GW150914 strain data obtained: 2048 samples
INFO:data.real_ligo_integration:🌊 Created proper windowed dataset:
2025-07-25 21:31:09,357 - data.real_ligo_integration - INFO - 🌊 Created proper windowed dataset:
INFO:data.real_ligo_integration:   Total windows: 15
2025-07-25 21:31:09,358 - data.real_ligo_integration - INFO -    Total windows: 15
INFO:data.real_ligo_integration:   Window size: 256
2025-07-25 21:31:09,359 - data.real_ligo_integration - INFO -    Window size: 256
INFO:data.real_ligo_integration:   Signal windows (label=1): 3
2025-07-25 21:31:09,500 - data.real_ligo_integration - INFO -    Signal windows (label=1): 3
INFO:data.real_ligo_integration:   Noise windows (label=0): 12
2025-07-25 21:31:09,563 - data.real_ligo_integration - INFO -    Noise windows (label=0): 12
INFO:data.real_ligo_integration:   Class balance: 20.0% positive
2025-07-25 21:31:09,626 - data.real_ligo_integration - INFO -    Class balance: 20.0% positive
INFO:utils.data_split:📊 Creating stratified split (train: 80.0%):
2025-07-25 21:31:10,759 - utils.data_split - INFO - 📊 Creating stratified split (train: 80.0%):
INFO:utils.data_split:   Class 0 samples: 12
2025-07-25 21:31:10,759 - utils.data_split - INFO -    Class 0 samples: 12
INFO:utils.data_split:   Class 1 samples: 3
2025-07-25 21:31:10,760 - utils.data_split - INFO -    Class 1 samples: 3
INFO:utils.data_split:📊 Dataset split completed:
2025-07-25 21:31:13,611 - utils.data_split - INFO - 📊 Dataset split completed:
INFO:utils.data_split:   Train: 11 samples
2025-07-25 21:31:13,611 - utils.data_split - INFO -    Train: 11 samples
INFO:utils.data_split:   Test: 4 samples
2025-07-25 21:31:13,612 - utils.data_split - INFO -    Test: 4 samples
INFO:utils.data_split:   Train class balance: 18.2% positive
2025-07-25 21:31:13,671 - utils.data_split - INFO -    Train class balance: 18.2% positive
INFO:utils.data_split:   Test class balance: 25.0% positive
2025-07-25 21:31:13,727 - utils.data_split - INFO -    Test class balance: 25.0% positive
INFO:utils.data_split:✅ Balanced test set: 25.0% positive
2025-07-25 21:31:13,826 - utils.data_split - INFO - ✅ Balanced test set: 25.0% positive
INFO:training.complete_enhanced_training:✅ Real LIGO data loaded: 11 samples
2025-07-25 21:31:13,827 - training.complete_enhanced_training - INFO - ✅ Real LIGO data loaded: 11 samples
INFO:training.complete_enhanced_training:🎯 Training for 1 epochs (5 steps/epoch)
2025-07-25 21:31:30,116 - training.complete_enhanced_training - INFO - 🎯 Training for 1 epochs (5 steps/epoch)
INFO:training.complete_enhanced_training:📊 Total training steps: 5
2025-07-25 21:31:30,117 - training.complete_enhanced_training - INFO - 📊 Total training steps: 5
ERROR:__main__:❌ Training failed: unsupported format string passed to JVPTracer.__format__
2025-07-25 21:31:48,609 - __main__ - ERROR - ❌ Training failed: unsupported format string passed to JVPTracer.__format__
jax.errors.SimplifiedTraceback: For simplicity, JAX has removed its internal frames from the traceback of the following exception. Set JAX_TRACEBACK_FILTERING=off to include these.

The above exception was the direct cause of the following exception:

Traceback (most recent call last):
  File "/teamspace/studios/this_studio/CPC-SNN-GW/test_cpc_debug.py", line 50, in test_cpc_debug
    results = trainer.run_complete_enhanced_training()
  File "/teamspace/studios/this_studio/CPC-SNN-GW/training/complete_enhanced_training.py", line 664, in run_complete_enhanced_training
    self.train_state, metrics = self.train_step(
  File "/teamspace/studios/this_studio/CPC-SNN-GW/training/complete_enhanced_training.py", line 527, in train_step
    (total_loss, total_metrics), grads = jax.value_and_grad(
  File "/teamspace/studios/this_studio/CPC-SNN-GW/training/complete_enhanced_training.py", line 528, in <lambda>
    lambda params: self.enhanced_loss_fn(train_state, params, batch, rng_key), has_aux=True
  File "/teamspace/studios/this_studio/CPC-SNN-GW/training/complete_enhanced_training.py", line 400, in enhanced_loss_fn
    logger.debug(f"🔍 CPC features stats: min={jnp.min(cpc_features):.6f}, max={jnp.max(cpc_features):.6f}, mean={jnp.mean(cpc_features):.6f}")
TypeError: unsupported format string passed to JVPTracer.__format__
ERROR:__main__:❌ Debug test failed!
2025-07-25 21:31:48,613 - __main__ - ERROR - ❌ Debug test failed!
